21:53:03 DEBUG : Logs will be stored at 'C:/Users/karti/Documents/ECE_385/Vitis/IDE.log'.
21:53:09 INFO  : Launching XSCT server: xsct.bat -n  -interactive C:\Users\karti\Documents\ECE_385\Vitis\temp_xsdb_launch_script.tcl
21:53:10 INFO  : Registering command handlers for Vitis TCF services
21:53:11 INFO  : Platform repository initialization has completed.
21:53:16 INFO  : XSCT server has started successfully.
21:53:34 INFO  : plnx-install-location is set to ''
21:53:34 INFO  : Successfully done setting XSCT server connection channel  
21:53:34 INFO  : Successfully done query RDI_DATADIR 
21:53:34 INFO  : Successfully done setting workspace for the tool. 
21:56:36 INFO  : Result from executing command 'getProjects': mb_intro_top
21:56:36 INFO  : Result from executing command 'getPlatforms': xilinx_vck190_base_202220_1|C:/Xilinx/Vitis/2022.2/base_platforms/xilinx_vck190_base_202220_1/xilinx_vck190_base_202220_1.xpfm;xilinx_vck190_base_dfx_202220_1|C:/Xilinx/Vitis/2022.2/base_platforms/xilinx_vck190_base_dfx_202220_1/xilinx_vck190_base_dfx_202220_1.xpfm;xilinx_vmk180_base_202220_1|C:/Xilinx/Vitis/2022.2/base_platforms/xilinx_vmk180_base_202220_1/xilinx_vmk180_base_202220_1.xpfm;xilinx_zcu102_base_202220_1|C:/Xilinx/Vitis/2022.2/base_platforms/xilinx_zcu102_base_202220_1/xilinx_zcu102_base_202220_1.xpfm;xilinx_zcu102_base_dfx_202220_1|C:/Xilinx/Vitis/2022.2/base_platforms/xilinx_zcu102_base_dfx_202220_1/xilinx_zcu102_base_dfx_202220_1.xpfm;xilinx_zcu104_base_202220_1|C:/Xilinx/Vitis/2022.2/base_platforms/xilinx_zcu104_base_202220_1/xilinx_zcu104_base_202220_1.xpfm
21:56:37 WARN  : An unexpected exception occurred in the module 'platform project logging'
21:56:40 INFO  : Platform 'mb_intro_top' is added to custom repositories.
21:56:46 INFO  : Platform 'mb_intro_top' is added to custom repositories.
12:35:06 INFO  : Result from executing command 'getProjects': mb_intro_top
12:35:06 INFO  : Result from executing command 'getPlatforms': mb_intro_top|C:/Users/karti/Documents/ECE_385/Vitis/mb_intro_top/export/mb_intro_top/mb_intro_top.xpfm;xilinx_vck190_base_202220_1|C:/Xilinx/Vitis/2022.2/base_platforms/xilinx_vck190_base_202220_1/xilinx_vck190_base_202220_1.xpfm;xilinx_vck190_base_dfx_202220_1|C:/Xilinx/Vitis/2022.2/base_platforms/xilinx_vck190_base_dfx_202220_1/xilinx_vck190_base_dfx_202220_1.xpfm;xilinx_vmk180_base_202220_1|C:/Xilinx/Vitis/2022.2/base_platforms/xilinx_vmk180_base_202220_1/xilinx_vmk180_base_202220_1.xpfm;xilinx_zcu102_base_202220_1|C:/Xilinx/Vitis/2022.2/base_platforms/xilinx_zcu102_base_202220_1/xilinx_zcu102_base_202220_1.xpfm;xilinx_zcu102_base_dfx_202220_1|C:/Xilinx/Vitis/2022.2/base_platforms/xilinx_zcu102_base_dfx_202220_1/xilinx_zcu102_base_dfx_202220_1.xpfm;xilinx_zcu104_base_202220_1|C:/Xilinx/Vitis/2022.2/base_platforms/xilinx_zcu104_base_202220_1/xilinx_zcu104_base_202220_1.xpfm
12:35:08 INFO  : Checking for BSP changes to sync application flags for project 'mb_blink'...
12:36:14 INFO  : Checking for BSP changes to sync application flags for project 'mb_blink'...
12:41:14 INFO  : Connected to target on host '127.0.0.1' and port '3121'.
12:41:14 INFO  : Jtag cable 'RealDigital Boo 887100000019A' is selected.
12:41:14 INFO  : 'jtag frequency' command is executed.
12:41:14 INFO  : 'targets -set -filter {jtag_cable_name =~ "RealDigital Boo 887100000019A" && level==0 && jtag_device_ctx=="jsn1-0362f093-0"}' command is executed.
12:41:16 INFO  : Device configured successfully with "C:/Users/karti/Documents/ECE_385/Vitis/mb_blink/_ide/bitstream/mb_intro_top.bit"
12:41:16 INFO  : Context for processor 'microblaze_0' is selected.
12:41:16 INFO  : Hardware design and registers information is loaded from 'C:/Users/karti/Documents/ECE_385/Vitis/mb_intro_top/export/mb_intro_top/hw/mb_intro_top.xsa'.
12:41:16 INFO  : 'configparams mdm-detect-bscan-mask 2' command is executed.
12:41:16 INFO  : Context for processor 'microblaze_0' is selected.
12:41:16 INFO  : System reset is completed.
12:41:19 INFO  : 'after 3000' command is executed.
12:41:19 INFO  : Context for processor 'microblaze_0' is selected.
12:41:19 INFO  : The application 'C:/Users/karti/Documents/ECE_385/Vitis/mb_blink/Debug/mb_blink.elf' is downloaded to processor 'microblaze_0'.
12:41:19 INFO  : ----------------XSDB Script----------------
connect -url tcp:127.0.0.1:3121
targets -set -filter {jtag_cable_name =~ "RealDigital Boo 887100000019A" && level==0 && jtag_device_ctx=="jsn1-0362f093-0"}
fpga -file C:/Users/karti/Documents/ECE_385/Vitis/mb_blink/_ide/bitstream/mb_intro_top.bit
targets -set -nocase -filter {name =~ "*microblaze*#0" && bscan=="USER2" }
loadhw -hw C:/Users/karti/Documents/ECE_385/Vitis/mb_intro_top/export/mb_intro_top/hw/mb_intro_top.xsa -regs
configparams mdm-detect-bscan-mask 2
targets -set -nocase -filter {name =~ "*microblaze*#0" && bscan=="USER2" }
rst -system
after 3000
targets -set -nocase -filter {name =~ "*microblaze*#0" && bscan=="USER2" }
dow C:/Users/karti/Documents/ECE_385/Vitis/mb_blink/Debug/mb_blink.elf
----------------End of Script----------------

12:41:19 INFO  : Context for processor 'microblaze_0' is selected.
12:41:19 INFO  : 'con' command is executed.
12:41:19 INFO  : ----------------XSDB Script (After Launch)----------------
targets -set -nocase -filter {name =~ "*microblaze*#0" && bscan=="USER2" }
con
----------------End of Script----------------

12:41:19 INFO  : Disconnected from the channel tcfchan#2.
13:24:28 DEBUG : Logs will be stored at 'C:/Users/karti/Documents/ECE_385/Vitis/IDE.log'.
13:24:29 INFO  : Launching XSCT server: xsct.bat -n  -interactive C:\Users\karti\Documents\ECE_385\Vitis\temp_xsdb_launch_script.tcl
13:24:31 INFO  : XSCT server has started successfully.
13:24:31 INFO  : plnx-install-location is set to ''
13:24:31 INFO  : Successfully done setting XSCT server connection channel  
13:24:31 INFO  : Successfully done setting workspace for the tool. 
13:24:32 INFO  : Registering command handlers for Vitis TCF services
13:24:33 INFO  : Platform repository initialization has completed.
13:24:39 INFO  : Successfully done query RDI_DATADIR 
13:26:53 INFO  : Result from executing command 'getProjects': mb_intro_top;mb_intro_top_1
13:26:53 INFO  : Result from executing command 'getPlatforms': mb_intro_top|C:/Users/karti/Documents/ECE_385/Vitis/mb_intro_top/export/mb_intro_top/mb_intro_top.xpfm;xilinx_vck190_base_202220_1|C:/Xilinx/Vitis/2022.2/base_platforms/xilinx_vck190_base_202220_1/xilinx_vck190_base_202220_1.xpfm;xilinx_vck190_base_dfx_202220_1|C:/Xilinx/Vitis/2022.2/base_platforms/xilinx_vck190_base_dfx_202220_1/xilinx_vck190_base_dfx_202220_1.xpfm;xilinx_vmk180_base_202220_1|C:/Xilinx/Vitis/2022.2/base_platforms/xilinx_vmk180_base_202220_1/xilinx_vmk180_base_202220_1.xpfm;xilinx_zcu102_base_202220_1|C:/Xilinx/Vitis/2022.2/base_platforms/xilinx_zcu102_base_202220_1/xilinx_zcu102_base_202220_1.xpfm;xilinx_zcu102_base_dfx_202220_1|C:/Xilinx/Vitis/2022.2/base_platforms/xilinx_zcu102_base_dfx_202220_1/xilinx_zcu102_base_dfx_202220_1.xpfm;xilinx_zcu104_base_202220_1|C:/Xilinx/Vitis/2022.2/base_platforms/xilinx_zcu104_base_202220_1/xilinx_zcu104_base_202220_1.xpfm
13:26:53 WARN  : An unexpected exception occurred in the module 'platform project logging'
13:26:54 INFO  : Platform 'mb_intro_top_1' is added to custom repositories.
13:26:56 INFO  : Platform 'mb_intro_top_1' is added to custom repositories.
13:29:16 INFO  : Result from executing command 'getProjects': mb_intro_top;mb_intro_top_1
13:29:16 INFO  : Result from executing command 'getPlatforms': mb_intro_top_1|C:/Users/karti/Documents/ECE_385/Vitis/mb_intro_top_1/export/mb_intro_top_1/mb_intro_top_1.xpfm;mb_intro_top|C:/Users/karti/Documents/ECE_385/Vitis/mb_intro_top/export/mb_intro_top/mb_intro_top.xpfm;xilinx_vck190_base_202220_1|C:/Xilinx/Vitis/2022.2/base_platforms/xilinx_vck190_base_202220_1/xilinx_vck190_base_202220_1.xpfm;xilinx_vck190_base_dfx_202220_1|C:/Xilinx/Vitis/2022.2/base_platforms/xilinx_vck190_base_dfx_202220_1/xilinx_vck190_base_dfx_202220_1.xpfm;xilinx_vmk180_base_202220_1|C:/Xilinx/Vitis/2022.2/base_platforms/xilinx_vmk180_base_202220_1/xilinx_vmk180_base_202220_1.xpfm;xilinx_zcu102_base_202220_1|C:/Xilinx/Vitis/2022.2/base_platforms/xilinx_zcu102_base_202220_1/xilinx_zcu102_base_202220_1.xpfm;xilinx_zcu102_base_dfx_202220_1|C:/Xilinx/Vitis/2022.2/base_platforms/xilinx_zcu102_base_dfx_202220_1/xilinx_zcu102_base_dfx_202220_1.xpfm;xilinx_zcu104_base_202220_1|C:/Xilinx/Vitis/2022.2/base_platforms/xilinx_zcu104_base_202220_1/xilinx_zcu104_base_202220_1.xpfm
13:29:17 INFO  : Checking for BSP changes to sync application flags for project 'accumulator_demo'...
13:29:40 INFO  : Checking for BSP changes to sync application flags for project 'accumulator_demo'...
13:31:44 INFO  : Checking for BSP changes to sync application flags for project 'accumulator_demo'...
13:32:01 INFO  : Result from executing command 'removePlatformRepo': 
13:32:15 INFO  : Result from executing command 'getProjects': mb_intro_top;mb_intro_top_1
13:32:15 INFO  : Result from executing command 'getPlatforms': mb_intro_top|C:/Users/karti/Documents/ECE_385/Vitis/mb_intro_top/export/mb_intro_top/mb_intro_top.xpfm;xilinx_vck190_base_202220_1|C:/Xilinx/Vitis/2022.2/base_platforms/xilinx_vck190_base_202220_1/xilinx_vck190_base_202220_1.xpfm;xilinx_vck190_base_dfx_202220_1|C:/Xilinx/Vitis/2022.2/base_platforms/xilinx_vck190_base_dfx_202220_1/xilinx_vck190_base_dfx_202220_1.xpfm;xilinx_vmk180_base_202220_1|C:/Xilinx/Vitis/2022.2/base_platforms/xilinx_vmk180_base_202220_1/xilinx_vmk180_base_202220_1.xpfm;xilinx_zcu102_base_202220_1|C:/Xilinx/Vitis/2022.2/base_platforms/xilinx_zcu102_base_202220_1/xilinx_zcu102_base_202220_1.xpfm;xilinx_zcu102_base_dfx_202220_1|C:/Xilinx/Vitis/2022.2/base_platforms/xilinx_zcu102_base_dfx_202220_1/xilinx_zcu102_base_dfx_202220_1.xpfm;xilinx_zcu104_base_202220_1|C:/Xilinx/Vitis/2022.2/base_platforms/xilinx_zcu104_base_202220_1/xilinx_zcu104_base_202220_1.xpfm
13:32:16 INFO  : Checking for BSP changes to sync application flags for project 'accumulator_demo'...
13:34:14 INFO  : Connected to target on host '127.0.0.1' and port '3121'.
13:34:14 INFO  : Jtag cable 'RealDigital Boo 887100000019A' is selected.
13:34:14 INFO  : 'jtag frequency' command is executed.
13:34:14 INFO  : 'targets -set -filter {jtag_cable_name =~ "RealDigital Boo 887100000019A" && level==0 && jtag_device_ctx=="jsn1-0362f093-0"}' command is executed.
13:34:16 INFO  : Device configured successfully with "C:/Users/karti/Documents/ECE_385/Vitis/accumulator_demo/_ide/bitstream/mb_intro_top.bit"
13:34:16 INFO  : Context for processor 'microblaze_0' is selected.
13:34:16 INFO  : Hardware design and registers information is loaded from 'C:/Users/karti/Documents/ECE_385/Vitis/mb_intro_top_1/export/mb_intro_top_1/hw/mb_intro_top.xsa'.
13:34:16 INFO  : 'configparams mdm-detect-bscan-mask 2' command is executed.
13:34:16 INFO  : Context for processor 'microblaze_0' is selected.
13:34:16 INFO  : System reset is completed.
13:34:19 INFO  : 'after 3000' command is executed.
13:34:19 INFO  : Context for processor 'microblaze_0' is selected.
13:34:19 INFO  : The application 'C:/Users/karti/Documents/ECE_385/Vitis/accumulator_demo/Debug/accumulator_demo.elf' is downloaded to processor 'microblaze_0'.
13:34:19 INFO  : ----------------XSDB Script----------------
connect -url tcp:127.0.0.1:3121
targets -set -filter {jtag_cable_name =~ "RealDigital Boo 887100000019A" && level==0 && jtag_device_ctx=="jsn1-0362f093-0"}
fpga -file C:/Users/karti/Documents/ECE_385/Vitis/accumulator_demo/_ide/bitstream/mb_intro_top.bit
targets -set -nocase -filter {name =~ "*microblaze*#0" && bscan=="USER2" }
loadhw -hw C:/Users/karti/Documents/ECE_385/Vitis/mb_intro_top_1/export/mb_intro_top_1/hw/mb_intro_top.xsa -regs
configparams mdm-detect-bscan-mask 2
targets -set -nocase -filter {name =~ "*microblaze*#0" && bscan=="USER2" }
rst -system
after 3000
targets -set -nocase -filter {name =~ "*microblaze*#0" && bscan=="USER2" }
dow C:/Users/karti/Documents/ECE_385/Vitis/accumulator_demo/Debug/accumulator_demo.elf
----------------End of Script----------------

13:34:19 INFO  : Context for processor 'microblaze_0' is selected.
13:34:19 INFO  : 'con' command is executed.
13:34:19 INFO  : ----------------XSDB Script (After Launch)----------------
targets -set -nocase -filter {name =~ "*microblaze*#0" && bscan=="USER2" }
con
----------------End of Script----------------

13:34:19 INFO  : Disconnected from the channel tcfchan#4.
13:46:24 INFO  : Checking for BSP changes to sync application flags for project 'accumulator_demo'...
13:46:32 INFO  : Connected to target on host '127.0.0.1' and port '3121'.
13:46:32 INFO  : Jtag cable 'RealDigital Boo 887100000019A' is selected.
13:46:32 INFO  : 'jtag frequency' command is executed.
13:46:32 INFO  : 'targets -set -filter {jtag_cable_name =~ "RealDigital Boo 887100000019A" && level==0 && jtag_device_ctx=="jsn1-0362f093-0"}' command is executed.
13:46:33 INFO  : Device configured successfully with "C:/Users/karti/Documents/ECE_385/Vitis/accumulator_demo/_ide/bitstream/mb_intro_top.bit"
13:46:34 INFO  : Context for processor 'microblaze_0' is selected.
13:46:34 INFO  : Hardware design and registers information is loaded from 'C:/Users/karti/Documents/ECE_385/Vitis/mb_intro_top_1/export/mb_intro_top_1/hw/mb_intro_top.xsa'.
13:46:34 INFO  : 'configparams mdm-detect-bscan-mask 2' command is executed.
13:46:34 INFO  : Context for processor 'microblaze_0' is selected.
13:46:34 INFO  : System reset is completed.
13:46:37 INFO  : 'after 3000' command is executed.
13:46:37 INFO  : Context for processor 'microblaze_0' is selected.
13:46:37 INFO  : The application 'C:/Users/karti/Documents/ECE_385/Vitis/accumulator_demo/Debug/accumulator_demo.elf' is downloaded to processor 'microblaze_0'.
13:46:37 INFO  : ----------------XSDB Script----------------
connect -url tcp:127.0.0.1:3121
targets -set -filter {jtag_cable_name =~ "RealDigital Boo 887100000019A" && level==0 && jtag_device_ctx=="jsn1-0362f093-0"}
fpga -file C:/Users/karti/Documents/ECE_385/Vitis/accumulator_demo/_ide/bitstream/mb_intro_top.bit
targets -set -nocase -filter {name =~ "*microblaze*#0" && bscan=="USER2" }
loadhw -hw C:/Users/karti/Documents/ECE_385/Vitis/mb_intro_top_1/export/mb_intro_top_1/hw/mb_intro_top.xsa -regs
configparams mdm-detect-bscan-mask 2
targets -set -nocase -filter {name =~ "*microblaze*#0" && bscan=="USER2" }
rst -system
after 3000
targets -set -nocase -filter {name =~ "*microblaze*#0" && bscan=="USER2" }
dow C:/Users/karti/Documents/ECE_385/Vitis/accumulator_demo/Debug/accumulator_demo.elf
----------------End of Script----------------

13:46:37 INFO  : Context for processor 'microblaze_0' is selected.
13:46:37 INFO  : 'con' command is executed.
13:46:37 INFO  : ----------------XSDB Script (After Launch)----------------
targets -set -nocase -filter {name =~ "*microblaze*#0" && bscan=="USER2" }
con
----------------End of Script----------------

13:46:37 INFO  : Disconnected from the channel tcfchan#5.
13:50:28 INFO  : Connected to target on host '127.0.0.1' and port '3121'.
13:50:28 INFO  : Jtag cable 'RealDigital Boo 887100000019A' is selected.
13:50:28 INFO  : 'jtag frequency' command is executed.
13:50:28 INFO  : 'targets -set -filter {jtag_cable_name =~ "RealDigital Boo 887100000019A" && level==0 && jtag_device_ctx=="jsn1-0362f093-0"}' command is executed.
13:50:29 INFO  : Device configured successfully with "C:/Users/karti/Documents/ECE_385/Vitis/accumulator_demo/_ide/bitstream/mb_intro_top.bit"
13:50:29 INFO  : Context for processor 'microblaze_0' is selected.
13:50:29 INFO  : Hardware design and registers information is loaded from 'C:/Users/karti/Documents/ECE_385/Vitis/mb_intro_top_1/export/mb_intro_top_1/hw/mb_intro_top.xsa'.
13:50:29 INFO  : 'configparams mdm-detect-bscan-mask 2' command is executed.
13:50:29 INFO  : Context for processor 'microblaze_0' is selected.
13:50:29 INFO  : System reset is completed.
13:50:32 INFO  : 'after 3000' command is executed.
13:50:32 INFO  : Context for processor 'microblaze_0' is selected.
13:50:33 INFO  : The application 'C:/Users/karti/Documents/ECE_385/Vitis/accumulator_demo/Debug/accumulator_demo.elf' is downloaded to processor 'microblaze_0'.
13:50:33 INFO  : ----------------XSDB Script----------------
connect -url tcp:127.0.0.1:3121
targets -set -filter {jtag_cable_name =~ "RealDigital Boo 887100000019A" && level==0 && jtag_device_ctx=="jsn1-0362f093-0"}
fpga -file C:/Users/karti/Documents/ECE_385/Vitis/accumulator_demo/_ide/bitstream/mb_intro_top.bit
targets -set -nocase -filter {name =~ "*microblaze*#0" && bscan=="USER2" }
loadhw -hw C:/Users/karti/Documents/ECE_385/Vitis/mb_intro_top_1/export/mb_intro_top_1/hw/mb_intro_top.xsa -regs
configparams mdm-detect-bscan-mask 2
targets -set -nocase -filter {name =~ "*microblaze*#0" && bscan=="USER2" }
rst -system
after 3000
targets -set -nocase -filter {name =~ "*microblaze*#0" && bscan=="USER2" }
dow C:/Users/karti/Documents/ECE_385/Vitis/accumulator_demo/Debug/accumulator_demo.elf
----------------End of Script----------------

13:50:33 INFO  : Context for processor 'microblaze_0' is selected.
13:50:33 INFO  : 'con' command is executed.
13:50:33 INFO  : ----------------XSDB Script (After Launch)----------------
targets -set -nocase -filter {name =~ "*microblaze*#0" && bscan=="USER2" }
con
----------------End of Script----------------

13:50:33 INFO  : Disconnected from the channel tcfchan#6.
13:51:11 INFO  : Checking for BSP changes to sync application flags for project 'accumulator_demo'...
13:51:18 INFO  : Connected to target on host '127.0.0.1' and port '3121'.
13:51:19 INFO  : Jtag cable 'RealDigital Boo 887100000019A' is selected.
13:51:19 INFO  : 'jtag frequency' command is executed.
13:51:19 INFO  : 'targets -set -filter {jtag_cable_name =~ "RealDigital Boo 887100000019A" && level==0 && jtag_device_ctx=="jsn1-0362f093-0"}' command is executed.
13:51:20 INFO  : Device configured successfully with "C:/Users/karti/Documents/ECE_385/Vitis/accumulator_demo/_ide/bitstream/mb_intro_top.bit"
13:51:20 INFO  : Context for processor 'microblaze_0' is selected.
13:51:20 INFO  : Hardware design and registers information is loaded from 'C:/Users/karti/Documents/ECE_385/Vitis/mb_intro_top_1/export/mb_intro_top_1/hw/mb_intro_top.xsa'.
13:51:20 INFO  : 'configparams mdm-detect-bscan-mask 2' command is executed.
13:51:20 INFO  : Context for processor 'microblaze_0' is selected.
13:51:20 INFO  : System reset is completed.
13:51:23 INFO  : 'after 3000' command is executed.
13:51:23 INFO  : Context for processor 'microblaze_0' is selected.
13:51:23 INFO  : The application 'C:/Users/karti/Documents/ECE_385/Vitis/accumulator_demo/Debug/accumulator_demo.elf' is downloaded to processor 'microblaze_0'.
13:51:23 INFO  : ----------------XSDB Script----------------
connect -url tcp:127.0.0.1:3121
targets -set -filter {jtag_cable_name =~ "RealDigital Boo 887100000019A" && level==0 && jtag_device_ctx=="jsn1-0362f093-0"}
fpga -file C:/Users/karti/Documents/ECE_385/Vitis/accumulator_demo/_ide/bitstream/mb_intro_top.bit
targets -set -nocase -filter {name =~ "*microblaze*#0" && bscan=="USER2" }
loadhw -hw C:/Users/karti/Documents/ECE_385/Vitis/mb_intro_top_1/export/mb_intro_top_1/hw/mb_intro_top.xsa -regs
configparams mdm-detect-bscan-mask 2
targets -set -nocase -filter {name =~ "*microblaze*#0" && bscan=="USER2" }
rst -system
after 3000
targets -set -nocase -filter {name =~ "*microblaze*#0" && bscan=="USER2" }
dow C:/Users/karti/Documents/ECE_385/Vitis/accumulator_demo/Debug/accumulator_demo.elf
----------------End of Script----------------

13:51:23 INFO  : Context for processor 'microblaze_0' is selected.
13:51:23 INFO  : 'con' command is executed.
13:51:23 INFO  : ----------------XSDB Script (After Launch)----------------
targets -set -nocase -filter {name =~ "*microblaze*#0" && bscan=="USER2" }
con
----------------End of Script----------------

13:51:23 INFO  : Disconnected from the channel tcfchan#7.
13:56:18 INFO  : Checking for BSP changes to sync application flags for project 'accumulator_demo'...
13:56:34 INFO  : Connected to target on host '127.0.0.1' and port '3121'.
13:56:34 INFO  : Jtag cable 'RealDigital Boo 887100000019A' is selected.
13:56:34 INFO  : 'jtag frequency' command is executed.
13:56:34 INFO  : 'targets -set -filter {jtag_cable_name =~ "RealDigital Boo 887100000019A" && level==0 && jtag_device_ctx=="jsn1-0362f093-0"}' command is executed.
13:56:35 INFO  : Device configured successfully with "C:/Users/karti/Documents/ECE_385/Vitis/accumulator_demo/_ide/bitstream/mb_intro_top.bit"
13:56:36 INFO  : Context for processor 'microblaze_0' is selected.
13:56:36 INFO  : Hardware design and registers information is loaded from 'C:/Users/karti/Documents/ECE_385/Vitis/mb_intro_top_1/export/mb_intro_top_1/hw/mb_intro_top.xsa'.
13:56:36 INFO  : 'configparams mdm-detect-bscan-mask 2' command is executed.
13:56:36 INFO  : Context for processor 'microblaze_0' is selected.
13:56:36 INFO  : System reset is completed.
13:56:39 INFO  : 'after 3000' command is executed.
13:56:39 INFO  : Context for processor 'microblaze_0' is selected.
13:56:39 INFO  : The application 'C:/Users/karti/Documents/ECE_385/Vitis/accumulator_demo/Debug/accumulator_demo.elf' is downloaded to processor 'microblaze_0'.
13:56:39 INFO  : ----------------XSDB Script----------------
connect -url tcp:127.0.0.1:3121
targets -set -filter {jtag_cable_name =~ "RealDigital Boo 887100000019A" && level==0 && jtag_device_ctx=="jsn1-0362f093-0"}
fpga -file C:/Users/karti/Documents/ECE_385/Vitis/accumulator_demo/_ide/bitstream/mb_intro_top.bit
targets -set -nocase -filter {name =~ "*microblaze*#0" && bscan=="USER2" }
loadhw -hw C:/Users/karti/Documents/ECE_385/Vitis/mb_intro_top_1/export/mb_intro_top_1/hw/mb_intro_top.xsa -regs
configparams mdm-detect-bscan-mask 2
targets -set -nocase -filter {name =~ "*microblaze*#0" && bscan=="USER2" }
rst -system
after 3000
targets -set -nocase -filter {name =~ "*microblaze*#0" && bscan=="USER2" }
dow C:/Users/karti/Documents/ECE_385/Vitis/accumulator_demo/Debug/accumulator_demo.elf
----------------End of Script----------------

13:56:39 INFO  : Context for processor 'microblaze_0' is selected.
13:56:39 INFO  : 'con' command is executed.
13:56:39 INFO  : ----------------XSDB Script (After Launch)----------------
targets -set -nocase -filter {name =~ "*microblaze*#0" && bscan=="USER2" }
con
----------------End of Script----------------

13:56:39 INFO  : Disconnected from the channel tcfchan#8.
14:26:35 DEBUG : Logs will be stored at 'C:/Users/karti/Documents/ECE_385/Vitis/IDE.log'.
14:26:37 INFO  : Launching XSCT server: xsct.bat -n  -interactive C:\Users\karti\Documents\ECE_385\Vitis\temp_xsdb_launch_script.tcl
14:26:41 INFO  : XSCT server has started successfully.
14:26:41 INFO  : plnx-install-location is set to ''
14:26:41 INFO  : Successfully done setting XSCT server connection channel  
14:26:41 INFO  : Successfully done setting workspace for the tool. 
14:26:53 INFO  : Registering command handlers for Vitis TCF services
14:26:53 INFO  : Successfully done query RDI_DATADIR 
14:26:54 INFO  : Platform repository initialization has completed.
14:31:31 INFO  : Hardware specification for platform project 'mb_intro_top_1' is updated.
14:31:41 INFO  : Hardware specification for platform project 'mb_intro_top' is updated.
14:43:04 INFO  : Hardware specification for platform project 'mb_intro_top' is updated.
14:43:14 INFO  : Hardware specification for platform project 'mb_intro_top_1' is updated.
14:43:28 INFO  : Hardware specification for platform project 'mb_intro_top' is updated.
14:44:10 INFO  : Result from executing command 'getProjects': mb_intro_top;mb_intro_top_1
14:44:10 INFO  : Result from executing command 'getPlatforms': mb_intro_top_1|C:/Users/karti/Documents/ECE_385/Vitis/mb_intro_top_1/export/mb_intro_top_1/mb_intro_top_1.xpfm;mb_intro_top|C:/Users/karti/Documents/ECE_385/Vitis/mb_intro_top/export/mb_intro_top/mb_intro_top.xpfm;xilinx_vck190_base_202220_1|C:/Xilinx/Vitis/2022.2/base_platforms/xilinx_vck190_base_202220_1/xilinx_vck190_base_202220_1.xpfm;xilinx_vck190_base_dfx_202220_1|C:/Xilinx/Vitis/2022.2/base_platforms/xilinx_vck190_base_dfx_202220_1/xilinx_vck190_base_dfx_202220_1.xpfm;xilinx_vmk180_base_202220_1|C:/Xilinx/Vitis/2022.2/base_platforms/xilinx_vmk180_base_202220_1/xilinx_vmk180_base_202220_1.xpfm;xilinx_zcu102_base_202220_1|C:/Xilinx/Vitis/2022.2/base_platforms/xilinx_zcu102_base_202220_1/xilinx_zcu102_base_202220_1.xpfm;xilinx_zcu102_base_dfx_202220_1|C:/Xilinx/Vitis/2022.2/base_platforms/xilinx_zcu102_base_dfx_202220_1/xilinx_zcu102_base_dfx_202220_1.xpfm;xilinx_zcu104_base_202220_1|C:/Xilinx/Vitis/2022.2/base_platforms/xilinx_zcu104_base_202220_1/xilinx_zcu104_base_202220_1.xpfm
14:44:12 INFO  : Checking for BSP changes to sync application flags for project 'accumulator_demo'...
14:44:12 INFO  : Updating application flags with new BSP settings...
14:44:13 INFO  : Successfully updated application flags for project accumulator_demo.
14:44:49 INFO  : Connected to target on host '127.0.0.1' and port '3121'.
14:44:49 INFO  : Jtag cable 'RealDigital Boo 887100000019A' is selected.
14:44:49 INFO  : 'jtag frequency' command is executed.
14:44:49 INFO  : 'targets -set -filter {jtag_cable_name =~ "RealDigital Boo 887100000019A" && level==0 && jtag_device_ctx=="jsn1-0362f093-0"}' command is executed.
14:44:51 INFO  : Device configured successfully with "C:/Users/karti/Documents/ECE_385/Vitis/accumulator_demo/_ide/bitstream/mb_intro_top.bit"
14:44:51 INFO  : Context for processor 'microblaze_0' is selected.
14:44:51 INFO  : Hardware design and registers information is loaded from 'C:/Users/karti/Documents/ECE_385/Vitis/mb_intro_top_1/export/mb_intro_top_1/hw/mb_intro_top.xsa'.
14:44:51 INFO  : 'configparams mdm-detect-bscan-mask 2' command is executed.
14:44:51 INFO  : Context for processor 'microblaze_0' is selected.
14:44:51 INFO  : System reset is completed.
14:44:54 INFO  : 'after 3000' command is executed.
14:44:54 INFO  : Context for processor 'microblaze_0' is selected.
14:44:54 INFO  : The application 'C:/Users/karti/Documents/ECE_385/Vitis/accumulator_demo/Debug/accumulator_demo.elf' is downloaded to processor 'microblaze_0'.
14:44:54 INFO  : ----------------XSDB Script----------------
connect -url tcp:127.0.0.1:3121
targets -set -filter {jtag_cable_name =~ "RealDigital Boo 887100000019A" && level==0 && jtag_device_ctx=="jsn1-0362f093-0"}
fpga -file C:/Users/karti/Documents/ECE_385/Vitis/accumulator_demo/_ide/bitstream/mb_intro_top.bit
targets -set -nocase -filter {name =~ "*microblaze*#0" && bscan=="USER2" }
loadhw -hw C:/Users/karti/Documents/ECE_385/Vitis/mb_intro_top_1/export/mb_intro_top_1/hw/mb_intro_top.xsa -regs
configparams mdm-detect-bscan-mask 2
targets -set -nocase -filter {name =~ "*microblaze*#0" && bscan=="USER2" }
rst -system
after 3000
targets -set -nocase -filter {name =~ "*microblaze*#0" && bscan=="USER2" }
dow C:/Users/karti/Documents/ECE_385/Vitis/accumulator_demo/Debug/accumulator_demo.elf
----------------End of Script----------------

14:44:54 INFO  : Context for processor 'microblaze_0' is selected.
14:44:54 INFO  : 'con' command is executed.
14:44:54 INFO  : ----------------XSDB Script (After Launch)----------------
targets -set -nocase -filter {name =~ "*microblaze*#0" && bscan=="USER2" }
con
----------------End of Script----------------

14:44:54 INFO  : Disconnected from the channel tcfchan#2.
